<?xml version="1.0" encoding="UTF-8"?>
<testng-results ignored="0" total="10" passed="8" failed="2" skipped="0">
  <reporter-output>
    <line>
      <![CDATA[Click to see Screenshot]]>
    </line>
    <line>
      <![CDATA[<a target="_blank" href=Fri_Apr_23_14_28_08_IST_2021.jpg>Screenshot</a>]]>
    </line>
    <line>
      <![CDATA[<br>]]>
    </line>
    <line>
      <![CDATA[<br>]]>
    </line>
    <line>
      <![CDATA[<a target="_blank" href=Fri_Apr_23_14_28_08_IST_2021.jpg><img src=Fri_Apr_23_14_28_08_IST_2021.jpg height=100 width=1 00></img></a>]]>
    </line>
    <line>
      <![CDATA[Click to see Screenshot]]>
    </line>
    <line>
      <![CDATA[<a target="_blank" href=Fri_Apr_23_14_29_39_IST_2021.jpg>Screenshot</a>]]>
    </line>
    <line>
      <![CDATA[<br>]]>
    </line>
    <line>
      <![CDATA[<br>]]>
    </line>
    <line>
      <![CDATA[<a target="_blank" href=Fri_Apr_23_14_29_39_IST_2021.jpg><img src=Fri_Apr_23_14_29_39_IST_2021.jpg height=100 width=1 00></img></a>]]>
    </line>
  </reporter-output>
  <suite started-at="2021-04-23T14:19:36 IST" name="Suite" finished-at="2021-04-23T14:29:40 IST" duration-ms="603929">
    <groups>
    </groups>
    <test started-at="2021-04-23T14:19:36 IST" name="Login Test" finished-at="2021-04-23T14:23:28 IST" duration-ms="232193">
      <class name="com.FreeCRM.testcases.LoginTest">
        <test-method is-config="true" signature="setUp()[pri:0, instance:com.FreeCRM.testcases.LoginTest@2ceb80a1]" started-at="2021-04-23T14:19:36 IST" name="setUp" finished-at="2021-04-23T14:20:18 IST" duration-ms="42268" status="PASS">
          <reporter-output>
          </reporter-output>
        </test-method> <!-- setUp -->
        <test-method signature="loginPageTitleTest()[pri:1, instance:com.FreeCRM.testcases.LoginTest@2ceb80a1]" started-at="2021-04-23T14:20:18 IST" name="loginPageTitleTest" finished-at="2021-04-23T14:20:18 IST" duration-ms="20" status="PASS">
          <reporter-output>
          </reporter-output>
        </test-method> <!-- loginPageTitleTest -->
        <test-method is-config="true" signature="closedBrowser()[pri:0, instance:com.FreeCRM.testcases.LoginTest@2ceb80a1]" started-at="2021-04-23T14:20:19 IST" name="closedBrowser" finished-at="2021-04-23T14:20:20 IST" duration-ms="866" status="PASS">
          <reporter-output>
          </reporter-output>
        </test-method> <!-- closedBrowser -->
        <test-method is-config="true" signature="setUp()[pri:0, instance:com.FreeCRM.testcases.LoginTest@2ceb80a1]" started-at="2021-04-23T14:20:20 IST" name="setUp" finished-at="2021-04-23T14:20:44 IST" duration-ms="24293" status="PASS">
          <reporter-output>
          </reporter-output>
        </test-method> <!-- setUp -->
        <test-method signature="crmLogoImageTest()[pri:2, instance:com.FreeCRM.testcases.LoginTest@2ceb80a1]" started-at="2021-04-23T14:20:44 IST" name="crmLogoImageTest" finished-at="2021-04-23T14:20:44 IST" duration-ms="61" status="PASS">
          <reporter-output>
          </reporter-output>
        </test-method> <!-- crmLogoImageTest -->
        <test-method is-config="true" signature="closedBrowser()[pri:0, instance:com.FreeCRM.testcases.LoginTest@2ceb80a1]" started-at="2021-04-23T14:20:44 IST" name="closedBrowser" finished-at="2021-04-23T14:20:45 IST" duration-ms="478" status="PASS">
          <reporter-output>
          </reporter-output>
        </test-method> <!-- closedBrowser -->
        <test-method is-config="true" signature="setUp()[pri:0, instance:com.FreeCRM.testcases.LoginTest@2ceb80a1]" started-at="2021-04-23T14:20:45 IST" name="setUp" finished-at="2021-04-23T14:21:44 IST" duration-ms="59310" status="PASS">
          <reporter-output>
          </reporter-output>
        </test-method> <!-- setUp -->
        <test-method signature="loginTest(java.util.Hashtable)[pri:3, instance:com.FreeCRM.testcases.LoginTest@2ceb80a1]" started-at="2021-04-23T14:21:44 IST" name="loginTest" data-provider="dp" finished-at="2021-04-23T14:21:49 IST" duration-ms="5067" status="PASS">
          <params>
            <param index="0">
              <value>
                <![CDATA[{password=Lenovo1234, username=practiceselenium7@gmail.com}]]>
              </value>
            </param>
          </params>
          <reporter-output>
          </reporter-output>
        </test-method> <!-- loginTest -->
        <test-method is-config="true" signature="closedBrowser()[pri:0, instance:com.FreeCRM.testcases.LoginTest@2ceb80a1]" started-at="2021-04-23T14:21:49 IST" name="closedBrowser" finished-at="2021-04-23T14:21:51 IST" duration-ms="2095" status="PASS">
          <reporter-output>
          </reporter-output>
        </test-method> <!-- closedBrowser -->
        <test-method is-config="true" signature="setUp()[pri:0, instance:com.FreeCRM.testcases.LoginTest@2ceb80a1]" started-at="2021-04-23T14:21:51 IST" name="setUp" finished-at="2021-04-23T14:22:20 IST" duration-ms="28316" status="PASS">
          <reporter-output>
          </reporter-output>
        </test-method> <!-- setUp -->
        <test-method signature="loginTest(java.util.Hashtable)[pri:3, instance:com.FreeCRM.testcases.LoginTest@2ceb80a1]" started-at="2021-04-23T14:22:20 IST" name="loginTest" data-provider="dp" finished-at="2021-04-23T14:22:25 IST" duration-ms="5455" status="PASS">
          <params>
            <param index="0">
              <value>
                <![CDATA[{password=aks1234, username=abc@gmail.com}]]>
              </value>
            </param>
          </params>
          <reporter-output>
          </reporter-output>
        </test-method> <!-- loginTest -->
        <test-method is-config="true" signature="closedBrowser()[pri:0, instance:com.FreeCRM.testcases.LoginTest@2ceb80a1]" started-at="2021-04-23T14:22:29 IST" name="closedBrowser" finished-at="2021-04-23T14:22:45 IST" duration-ms="15174" status="PASS">
          <reporter-output>
          </reporter-output>
        </test-method> <!-- closedBrowser -->
        <test-method is-config="true" signature="setUp()[pri:0, instance:com.FreeCRM.testcases.LoginTest@2ceb80a1]" started-at="2021-04-23T14:22:45 IST" name="setUp" finished-at="2021-04-23T14:23:19 IST" duration-ms="34814" status="PASS">
          <reporter-output>
          </reporter-output>
        </test-method> <!-- setUp -->
        <test-method signature="loginTest(java.util.Hashtable)[pri:3, instance:com.FreeCRM.testcases.LoginTest@2ceb80a1]" started-at="2021-04-23T14:23:19 IST" name="loginTest" data-provider="dp" finished-at="2021-04-23T14:23:26 IST" duration-ms="6345" status="PASS">
          <params>
            <param index="0">
              <value>
                <![CDATA[{password=ks1234, username=xyz@gmail.com}]]>
              </value>
            </param>
          </params>
          <reporter-output>
          </reporter-output>
        </test-method> <!-- loginTest -->
        <test-method is-config="true" signature="closedBrowser()[pri:0, instance:com.FreeCRM.testcases.LoginTest@2ceb80a1]" started-at="2021-04-23T14:23:26 IST" name="closedBrowser" finished-at="2021-04-23T14:23:28 IST" duration-ms="2041" status="PASS">
          <reporter-output>
          </reporter-output>
        </test-method> <!-- closedBrowser -->
      </class> <!-- com.FreeCRM.testcases.LoginTest -->
    </test> <!-- Login Test -->
    <test started-at="2021-04-23T14:23:28 IST" name="HomePage Test" finished-at="2021-04-23T14:26:37 IST" duration-ms="188729">
      <class name="com.FreeCRM.testcases.HomePageTest">
        <test-method is-config="true" signature="setUp()[pri:0, instance:com.FreeCRM.testcases.HomePageTest@3ecd267f]" started-at="2021-04-23T14:23:28 IST" name="setUp" finished-at="2021-04-23T14:24:41 IST" duration-ms="72555" status="PASS">
          <reporter-output>
          </reporter-output>
        </test-method> <!-- setUp -->
        <test-method signature="verifyHomePageTitleTest()[pri:1, instance:com.FreeCRM.testcases.HomePageTest@3ecd267f]" started-at="2021-04-23T14:24:41 IST" name="verifyHomePageTitleTest" finished-at="2021-04-23T14:24:41 IST" duration-ms="10" status="PASS">
          <reporter-output>
          </reporter-output>
        </test-method> <!-- verifyHomePageTitleTest -->
        <test-method is-config="true" signature="closedBrowsers()[pri:0, instance:com.FreeCRM.testcases.HomePageTest@3ecd267f]" started-at="2021-04-23T14:24:44 IST" name="closedBrowsers" finished-at="2021-04-23T14:24:46 IST" duration-ms="1725" status="PASS">
          <reporter-output>
          </reporter-output>
        </test-method> <!-- closedBrowsers -->
        <test-method is-config="true" signature="setUp()[pri:0, instance:com.FreeCRM.testcases.HomePageTest@3ecd267f]" started-at="2021-04-23T14:24:46 IST" name="setUp" finished-at="2021-04-23T14:25:36 IST" duration-ms="49624" status="PASS">
          <reporter-output>
          </reporter-output>
        </test-method> <!-- setUp -->
        <test-method signature="verifyUserNameTest()[pri:2, instance:com.FreeCRM.testcases.HomePageTest@3ecd267f]" started-at="2021-04-23T14:25:36 IST" name="verifyUserNameTest" finished-at="2021-04-23T14:25:37 IST" duration-ms="1688" status="PASS">
          <reporter-output>
          </reporter-output>
        </test-method> <!-- verifyUserNameTest -->
        <test-method is-config="true" signature="closedBrowsers()[pri:0, instance:com.FreeCRM.testcases.HomePageTest@3ecd267f]" started-at="2021-04-23T14:25:38 IST" name="closedBrowsers" finished-at="2021-04-23T14:25:39 IST" duration-ms="1145" status="PASS">
          <reporter-output>
          </reporter-output>
        </test-method> <!-- closedBrowsers -->
        <test-method is-config="true" signature="setUp()[pri:0, instance:com.FreeCRM.testcases.HomePageTest@3ecd267f]" started-at="2021-04-23T14:25:39 IST" name="setUp" finished-at="2021-04-23T14:26:20 IST" duration-ms="41409" status="PASS">
          <reporter-output>
          </reporter-output>
        </test-method> <!-- setUp -->
        <test-method signature="goToContactsLinkTest()[pri:3, instance:com.FreeCRM.testcases.HomePageTest@3ecd267f]" started-at="2021-04-23T14:26:20 IST" name="goToContactsLinkTest" finished-at="2021-04-23T14:26:27 IST" duration-ms="6282" status="PASS">
          <reporter-output>
          </reporter-output>
        </test-method> <!-- goToContactsLinkTest -->
        <test-method is-config="true" signature="closedBrowsers()[pri:0, instance:com.FreeCRM.testcases.HomePageTest@3ecd267f]" started-at="2021-04-23T14:26:35 IST" name="closedBrowsers" finished-at="2021-04-23T14:26:37 IST" duration-ms="2246" status="PASS">
          <reporter-output>
          </reporter-output>
        </test-method> <!-- closedBrowsers -->
      </class> <!-- com.FreeCRM.testcases.HomePageTest -->
    </test> <!-- HomePage Test -->
    <test started-at="2021-04-23T14:26:39 IST" name="Contacts Test" finished-at="2021-04-23T14:29:40 IST" duration-ms="180869">
      <class name="com.FreeCRM.testcases.ContactsPageTest">
        <test-method is-config="true" signature="setUp()[pri:0, instance:com.FreeCRM.testcases.ContactsPageTest@319bc845]" started-at="2021-04-23T14:26:39 IST" name="setUp" finished-at="2021-04-23T14:27:36 IST" duration-ms="57622" status="PASS">
          <reporter-output>
          </reporter-output>
        </test-method> <!-- setUp -->
        <test-method signature="contactsPageTest(java.util.Hashtable)[pri:0, instance:com.FreeCRM.testcases.ContactsPageTest@319bc845]" started-at="2021-04-23T14:27:36 IST" name="contactsPageTest" data-provider="dp" finished-at="2021-04-23T14:28:07 IST" duration-ms="30294" status="FAIL">
          <params>
            <param index="0">
              <value>
                <![CDATA[{lastname=kumar, firstname=Sumit , =}]]>
              </value>
            </param>
          </params>
          <exception class="org.openqa.selenium.NoSuchElementException">
            <message>
              <![CDATA[no such element: Unable to locate element: {"method":"xpath","selector":"//input[@name='first_name']"}
  (Session info: chrome=90.0.4430.85)
For documentation on this error, please visit: https://selenium.dev/exceptions/#no_such_element
Build info: version: '4.0.0-beta-2', revision: '4ec0cfc112'
System info: host: 'MacBook-Pro.local', ip: '192.168.1.14', os.name: 'Mac OS X', os.arch: 'x86_64', os.version: '10.13.6', java.version: '11.0.10'
Driver info: org.openqa.selenium.chrome.ChromeDriver
Command: [b0c07764bdf121166fe632410eb1c076, findElement {using=xpath, value=//input[@name='first_name']}]
Capabilities {acceptInsecureCerts: false, browserName: chrome, browserVersion: 90.0.4430.85, chrome: {chromedriverVersion: 90.0.4430.24 (4c6d850f087da..., userDataDir: /var/folders/06/36qh6q5947b...}, goog:chromeOptions: {debuggerAddress: localhost:49503}, javascriptEnabled: true, networkConnectionEnabled: false, pageLoadStrategy: normal, platform: MAC, platformName: MAC, proxy: Proxy(), setWindowRect: true, strictFileInteractability: false, timeouts: {implicit: 0, pageLoad: 300000, script: 30000}, unhandledPromptBehavior: dismiss and notify, webauthn:extension:largeBlob: true, webauthn:virtualAuthenticators: true}
Session ID: b0c07764bdf121166fe632410eb1c076]]>
            </message>
            <full-stacktrace>
              <![CDATA[org.openqa.selenium.NoSuchElementException: no such element: Unable to locate element: {"method":"xpath","selector":"//input[@name='first_name']"}
  (Session info: chrome=90.0.4430.85)
For documentation on this error, please visit: https://selenium.dev/exceptions/#no_such_element
Build info: version: '4.0.0-beta-2', revision: '4ec0cfc112'
System info: host: 'MacBook-Pro.local', ip: '192.168.1.14', os.name: 'Mac OS X', os.arch: 'x86_64', os.version: '10.13.6', java.version: '11.0.10'
Driver info: org.openqa.selenium.chrome.ChromeDriver
Command: [b0c07764bdf121166fe632410eb1c076, findElement {using=xpath, value=//input[@name='first_name']}]
Capabilities {acceptInsecureCerts: false, browserName: chrome, browserVersion: 90.0.4430.85, chrome: {chromedriverVersion: 90.0.4430.24 (4c6d850f087da..., userDataDir: /var/folders/06/36qh6q5947b...}, goog:chromeOptions: {debuggerAddress: localhost:49503}, javascriptEnabled: true, networkConnectionEnabled: false, pageLoadStrategy: normal, platform: MAC, platformName: MAC, proxy: Proxy(), setWindowRect: true, strictFileInteractability: false, timeouts: {implicit: 0, pageLoad: 300000, script: 30000}, unhandledPromptBehavior: dismiss and notify, webauthn:extension:largeBlob: true, webauthn:virtualAuthenticators: true}
Session ID: b0c07764bdf121166fe632410eb1c076
at java.base/jdk.internal.reflect.NativeConstructorAccessorImpl.newInstance0(Native Method)
at java.base/jdk.internal.reflect.NativeConstructorAccessorImpl.newInstance(NativeConstructorAccessorImpl.java:62)
at java.base/jdk.internal.reflect.DelegatingConstructorAccessorImpl.newInstance(DelegatingConstructorAccessorImpl.java:45)
at java.base/java.lang.reflect.Constructor.newInstance(Constructor.java:490)
at org.openqa.selenium.remote.codec.w3c.W3CHttpResponseCodec.createException(W3CHttpResponseCodec.java:195)
at org.openqa.selenium.remote.codec.w3c.W3CHttpResponseCodec.decode(W3CHttpResponseCodec.java:128)
at org.openqa.selenium.remote.codec.w3c.W3CHttpResponseCodec.decode(W3CHttpResponseCodec.java:52)
at org.openqa.selenium.remote.HttpCommandExecutor.execute(HttpCommandExecutor.java:187)
at org.openqa.selenium.remote.service.DriverCommandExecutor.invokeExecute(DriverCommandExecutor.java:153)
at org.openqa.selenium.remote.service.DriverCommandExecutor.execute(DriverCommandExecutor.java:128)
at org.openqa.selenium.remote.RemoteWebDriver.execute(RemoteWebDriver.java:620)
at org.openqa.selenium.remote.RemoteWebDriver$Mechanism$2.findElement(RemoteWebDriver.java:1259)
at org.openqa.selenium.remote.RemoteWebDriver.findElement(RemoteWebDriver.java:388)
at org.openqa.selenium.remote.RemoteWebDriver.findElement(RemoteWebDriver.java:382)
at org.openqa.selenium.support.pagefactory.DefaultElementLocator.findElement(DefaultElementLocator.java:70)
at org.openqa.selenium.support.pagefactory.internal.LocatingElementHandler.invoke(LocatingElementHandler.java:39)
at com.sun.proxy.$Proxy15.sendKeys(Unknown Source)
at com.freeCRM.pages.ContactsPage.createNewContact(ContactsPage.java:45)
at com.FreeCRM.testcases.ContactsPageTest.contactsPageTest(ContactsPageTest.java:39)
at java.base/jdk.internal.reflect.NativeMethodAccessorImpl.invoke0(Native Method)
at java.base/jdk.internal.reflect.NativeMethodAccessorImpl.invoke(NativeMethodAccessorImpl.java:62)
at java.base/jdk.internal.reflect.DelegatingMethodAccessorImpl.invoke(DelegatingMethodAccessorImpl.java:43)
at java.base/java.lang.reflect.Method.invoke(Method.java:566)
at org.testng.internal.MethodInvocationHelper.invokeMethod(MethodInvocationHelper.java:133)
at org.testng.internal.TestInvoker.invokeMethod(TestInvoker.java:598)
at org.testng.internal.TestInvoker.invokeTestMethod(TestInvoker.java:173)
at org.testng.internal.MethodRunner.runInSequence(MethodRunner.java:46)
at org.testng.internal.TestInvoker$MethodInvocationAgent.invoke(TestInvoker.java:824)
at org.testng.internal.TestInvoker.invokeTestMethods(TestInvoker.java:146)
at org.testng.internal.TestMethodWorker.invokeTestMethods(TestMethodWorker.java:146)
at org.testng.internal.TestMethodWorker.run(TestMethodWorker.java:128)
at java.base/java.util.ArrayList.forEach(ArrayList.java:1541)
at org.testng.TestRunner.privateRun(TestRunner.java:794)
at org.testng.TestRunner.run(TestRunner.java:596)
at org.testng.SuiteRunner.runTest(SuiteRunner.java:377)
at org.testng.SuiteRunner.runSequentially(SuiteRunner.java:371)
at org.testng.SuiteRunner.privateRun(SuiteRunner.java:332)
at org.testng.SuiteRunner.run(SuiteRunner.java:276)
at org.testng.SuiteRunnerWorker.runSuite(SuiteRunnerWorker.java:53)
at org.testng.SuiteRunnerWorker.run(SuiteRunnerWorker.java:96)
at org.testng.TestNG.runSuitesSequentially(TestNG.java:1212)
at org.testng.TestNG.runSuitesLocally(TestNG.java:1134)
at org.testng.TestNG.runSuites(TestNG.java:1063)
at org.testng.TestNG.run(TestNG.java:1031)
at org.apache.maven.surefire.testng.TestNGExecutor.run(TestNGExecutor.java:295)
at org.apache.maven.surefire.testng.TestNGXmlTestSuite.execute(TestNGXmlTestSuite.java:84)
at org.apache.maven.surefire.testng.TestNGProvider.invoke(TestNGProvider.java:90)
at org.apache.maven.surefire.booter.ForkedBooter.invokeProviderInSameClassLoader(ForkedBooter.java:203)
at org.apache.maven.surefire.booter.ForkedBooter.runSuitesInProcess(ForkedBooter.java:155)
at org.apache.maven.surefire.booter.ForkedBooter.main(ForkedBooter.java:103)
]]>
            </full-stacktrace>
          </exception> <!-- org.openqa.selenium.NoSuchElementException -->
          <reporter-output>
            <line>
              <![CDATA[Click to see Screenshot]]>
            </line>
            <line>
              <![CDATA[<a target="_blank" href=Fri_Apr_23_14_28_08_IST_2021.jpg>Screenshot</a>]]>
            </line>
            <line>
              <![CDATA[<br>]]>
            </line>
            <line>
              <![CDATA[<br>]]>
            </line>
            <line>
              <![CDATA[<a target="_blank" href=Fri_Apr_23_14_28_08_IST_2021.jpg><img src=Fri_Apr_23_14_28_08_IST_2021.jpg height=100 width=1 00></img></a>]]>
            </line>
          </reporter-output>
        </test-method> <!-- contactsPageTest -->
        <test-method is-config="true" signature="closedBrowser()[pri:0, instance:com.FreeCRM.testcases.ContactsPageTest@319bc845]" started-at="2021-04-23T14:28:08 IST" name="closedBrowser" finished-at="2021-04-23T14:28:09 IST" duration-ms="370" status="PASS">
          <reporter-output>
          </reporter-output>
        </test-method> <!-- closedBrowser -->
        <test-method is-config="true" signature="setUp()[pri:0, instance:com.FreeCRM.testcases.ContactsPageTest@319bc845]" started-at="2021-04-23T14:28:09 IST" name="setUp" finished-at="2021-04-23T14:29:09 IST" duration-ms="60278" status="PASS">
          <reporter-output>
          </reporter-output>
        </test-method> <!-- setUp -->
        <test-method signature="contactsPageTest(java.util.Hashtable)[pri:0, instance:com.FreeCRM.testcases.ContactsPageTest@319bc845]" started-at="2021-04-23T14:29:09 IST" name="contactsPageTest" data-provider="dp" finished-at="2021-04-23T14:29:39 IST" duration-ms="30262" status="FAIL">
          <params>
            <param index="0">
              <value>
                <![CDATA[{lastname=kumar, firstname=amit, =}]]>
              </value>
            </param>
          </params>
          <exception class="org.openqa.selenium.NoSuchElementException">
            <message>
              <![CDATA[no such element: Unable to locate element: {"method":"xpath","selector":"//input[@name='first_name']"}
  (Session info: chrome=90.0.4430.85)
For documentation on this error, please visit: https://selenium.dev/exceptions/#no_such_element
Build info: version: '4.0.0-beta-2', revision: '4ec0cfc112'
System info: host: 'MacBook-Pro.local', ip: '192.168.1.14', os.name: 'Mac OS X', os.arch: 'x86_64', os.version: '10.13.6', java.version: '11.0.10'
Driver info: org.openqa.selenium.chrome.ChromeDriver
Command: [6b42f6a0b604bf2489e2a416f86564c7, findElement {using=xpath, value=//input[@name='first_name']}]
Capabilities {acceptInsecureCerts: false, browserName: chrome, browserVersion: 90.0.4430.85, chrome: {chromedriverVersion: 90.0.4430.24 (4c6d850f087da..., userDataDir: /var/folders/06/36qh6q5947b...}, goog:chromeOptions: {debuggerAddress: localhost:50283}, javascriptEnabled: true, networkConnectionEnabled: false, pageLoadStrategy: normal, platform: MAC, platformName: MAC, proxy: Proxy(), setWindowRect: true, strictFileInteractability: false, timeouts: {implicit: 0, pageLoad: 300000, script: 30000}, unhandledPromptBehavior: dismiss and notify, webauthn:extension:largeBlob: true, webauthn:virtualAuthenticators: true}
Session ID: 6b42f6a0b604bf2489e2a416f86564c7]]>
            </message>
            <full-stacktrace>
              <![CDATA[org.openqa.selenium.NoSuchElementException: no such element: Unable to locate element: {"method":"xpath","selector":"//input[@name='first_name']"}
  (Session info: chrome=90.0.4430.85)
For documentation on this error, please visit: https://selenium.dev/exceptions/#no_such_element
Build info: version: '4.0.0-beta-2', revision: '4ec0cfc112'
System info: host: 'MacBook-Pro.local', ip: '192.168.1.14', os.name: 'Mac OS X', os.arch: 'x86_64', os.version: '10.13.6', java.version: '11.0.10'
Driver info: org.openqa.selenium.chrome.ChromeDriver
Command: [6b42f6a0b604bf2489e2a416f86564c7, findElement {using=xpath, value=//input[@name='first_name']}]
Capabilities {acceptInsecureCerts: false, browserName: chrome, browserVersion: 90.0.4430.85, chrome: {chromedriverVersion: 90.0.4430.24 (4c6d850f087da..., userDataDir: /var/folders/06/36qh6q5947b...}, goog:chromeOptions: {debuggerAddress: localhost:50283}, javascriptEnabled: true, networkConnectionEnabled: false, pageLoadStrategy: normal, platform: MAC, platformName: MAC, proxy: Proxy(), setWindowRect: true, strictFileInteractability: false, timeouts: {implicit: 0, pageLoad: 300000, script: 30000}, unhandledPromptBehavior: dismiss and notify, webauthn:extension:largeBlob: true, webauthn:virtualAuthenticators: true}
Session ID: 6b42f6a0b604bf2489e2a416f86564c7
at java.base/jdk.internal.reflect.NativeConstructorAccessorImpl.newInstance0(Native Method)
at java.base/jdk.internal.reflect.NativeConstructorAccessorImpl.newInstance(NativeConstructorAccessorImpl.java:62)
at java.base/jdk.internal.reflect.DelegatingConstructorAccessorImpl.newInstance(DelegatingConstructorAccessorImpl.java:45)
at java.base/java.lang.reflect.Constructor.newInstance(Constructor.java:490)
at org.openqa.selenium.remote.codec.w3c.W3CHttpResponseCodec.createException(W3CHttpResponseCodec.java:195)
at org.openqa.selenium.remote.codec.w3c.W3CHttpResponseCodec.decode(W3CHttpResponseCodec.java:128)
at org.openqa.selenium.remote.codec.w3c.W3CHttpResponseCodec.decode(W3CHttpResponseCodec.java:52)
at org.openqa.selenium.remote.HttpCommandExecutor.execute(HttpCommandExecutor.java:187)
at org.openqa.selenium.remote.service.DriverCommandExecutor.invokeExecute(DriverCommandExecutor.java:153)
at org.openqa.selenium.remote.service.DriverCommandExecutor.execute(DriverCommandExecutor.java:128)
at org.openqa.selenium.remote.RemoteWebDriver.execute(RemoteWebDriver.java:620)
at org.openqa.selenium.remote.RemoteWebDriver$Mechanism$2.findElement(RemoteWebDriver.java:1259)
at org.openqa.selenium.remote.RemoteWebDriver.findElement(RemoteWebDriver.java:388)
at org.openqa.selenium.remote.RemoteWebDriver.findElement(RemoteWebDriver.java:382)
at org.openqa.selenium.support.pagefactory.DefaultElementLocator.findElement(DefaultElementLocator.java:70)
at org.openqa.selenium.support.pagefactory.internal.LocatingElementHandler.invoke(LocatingElementHandler.java:39)
at com.sun.proxy.$Proxy15.sendKeys(Unknown Source)
at com.freeCRM.pages.ContactsPage.createNewContact(ContactsPage.java:45)
at com.FreeCRM.testcases.ContactsPageTest.contactsPageTest(ContactsPageTest.java:39)
at java.base/jdk.internal.reflect.NativeMethodAccessorImpl.invoke0(Native Method)
at java.base/jdk.internal.reflect.NativeMethodAccessorImpl.invoke(NativeMethodAccessorImpl.java:62)
at java.base/jdk.internal.reflect.DelegatingMethodAccessorImpl.invoke(DelegatingMethodAccessorImpl.java:43)
at java.base/java.lang.reflect.Method.invoke(Method.java:566)
at org.testng.internal.MethodInvocationHelper.invokeMethod(MethodInvocationHelper.java:133)
at org.testng.internal.TestInvoker.invokeMethod(TestInvoker.java:598)
at org.testng.internal.TestInvoker.invokeTestMethod(TestInvoker.java:173)
at org.testng.internal.MethodRunner.runInSequence(MethodRunner.java:46)
at org.testng.internal.TestInvoker$MethodInvocationAgent.invoke(TestInvoker.java:824)
at org.testng.internal.TestInvoker.invokeTestMethods(TestInvoker.java:146)
at org.testng.internal.TestMethodWorker.invokeTestMethods(TestMethodWorker.java:146)
at org.testng.internal.TestMethodWorker.run(TestMethodWorker.java:128)
at java.base/java.util.ArrayList.forEach(ArrayList.java:1541)
at org.testng.TestRunner.privateRun(TestRunner.java:794)
at org.testng.TestRunner.run(TestRunner.java:596)
at org.testng.SuiteRunner.runTest(SuiteRunner.java:377)
at org.testng.SuiteRunner.runSequentially(SuiteRunner.java:371)
at org.testng.SuiteRunner.privateRun(SuiteRunner.java:332)
at org.testng.SuiteRunner.run(SuiteRunner.java:276)
at org.testng.SuiteRunnerWorker.runSuite(SuiteRunnerWorker.java:53)
at org.testng.SuiteRunnerWorker.run(SuiteRunnerWorker.java:96)
at org.testng.TestNG.runSuitesSequentially(TestNG.java:1212)
at org.testng.TestNG.runSuitesLocally(TestNG.java:1134)
at org.testng.TestNG.runSuites(TestNG.java:1063)
at org.testng.TestNG.run(TestNG.java:1031)
at org.apache.maven.surefire.testng.TestNGExecutor.run(TestNGExecutor.java:295)
at org.apache.maven.surefire.testng.TestNGXmlTestSuite.execute(TestNGXmlTestSuite.java:84)
at org.apache.maven.surefire.testng.TestNGProvider.invoke(TestNGProvider.java:90)
at org.apache.maven.surefire.booter.ForkedBooter.invokeProviderInSameClassLoader(ForkedBooter.java:203)
at org.apache.maven.surefire.booter.ForkedBooter.runSuitesInProcess(ForkedBooter.java:155)
at org.apache.maven.surefire.booter.ForkedBooter.main(ForkedBooter.java:103)
]]>
            </full-stacktrace>
          </exception> <!-- org.openqa.selenium.NoSuchElementException -->
          <reporter-output>
            <line>
              <![CDATA[Click to see Screenshot]]>
            </line>
            <line>
              <![CDATA[<a target="_blank" href=Fri_Apr_23_14_29_39_IST_2021.jpg>Screenshot</a>]]>
            </line>
            <line>
              <![CDATA[<br>]]>
            </line>
            <line>
              <![CDATA[<br>]]>
            </line>
            <line>
              <![CDATA[<a target="_blank" href=Fri_Apr_23_14_29_39_IST_2021.jpg><img src=Fri_Apr_23_14_29_39_IST_2021.jpg height=100 width=1 00></img></a>]]>
            </line>
          </reporter-output>
        </test-method> <!-- contactsPageTest -->
        <test-method is-config="true" signature="closedBrowser()[pri:0, instance:com.FreeCRM.testcases.ContactsPageTest@319bc845]" started-at="2021-04-23T14:29:40 IST" name="closedBrowser" finished-at="2021-04-23T14:29:40 IST" duration-ms="193" status="PASS">
          <reporter-output>
          </reporter-output>
        </test-method> <!-- closedBrowser -->
      </class> <!-- com.FreeCRM.testcases.ContactsPageTest -->
    </test> <!-- Contacts Test -->
  </suite> <!-- Suite -->
</testng-results>
